2026-04-16 16:03:10,032 INFO Forensick logging initialized
2026-04-16 16:03:10,032 INFO Loading JSON file: requirements.json
2026-04-16 16:03:10,032 INFO Loaded JSON successfully: requirements.json
2026-04-16 16:03:10,032 INFO Loading JSON file: expected_structure.json
2026-04-16 16:03:10,032 INFO Loaded JSON successfully: expected_structure.json
2026-04-16 16:03:10,032 INFO Loading JSON file: test_cases.json
2026-04-16 16:03:10,032 INFO Loaded JSON successfully: test_cases.json
2026-04-16 16:03:10,033 INFO Building requirement lookup from requirements.json
2026-04-16 16:03:10,033 INFO Indexed 26 requirements
2026-04-16 16:03:10,033 INFO Starting verification of selected structure entries
2026-04-16 16:03:10,033 INFO Collecting selected requirement IDs from expected_structure.json
2026-04-16 16:03:10,033 INFO Collected 10 selected requirement IDs
2026-04-16 16:03:10,033 INFO Finished structure verification. Passed=True
2026-04-16 16:03:10,033 INFO Verifying test case completeness and coverage
2026-04-16 16:03:10,033 INFO Finished test case verification. Passed=True
2026-04-16 16:03:10,033 INFO Starting validation of test case text against requirement descriptions
2026-04-16 16:03:10,033 INFO Finished validation checks. Passed=True
2026-04-16 16:03:10,033 INFO Writing V&V report to vv_report.json
2026-04-16 16:03:10,034 INFO Saved V&V report successfully
2026-04-16 16:03:10,034 INFO Verification passed=True | Validation passed=True | Overall passed=True
